<?xml version="1.0" encoding="UTF-8"?>
<!-- Generated by org.testng.reporters.JUnitReportReporter -->
<testsuite skipped="0" hostname="LIN59017991" name="com.inetBanking.testCases.HomePageTest" tests="2" failures="0" timestamp="29 Nov 2021 10:09:57 GMT" time="19.758" errors="0">
  <testcase name="validateManagerIDTest" time="10.039" classname="com.inetBanking.testCases.HomePageTest"/>
  <testcase name="clickOnAddNewCustLinkTest" time="9.719" classname="com.inetBanking.testCases.HomePageTest"/>
</testsuite> <!-- com.inetBanking.testCases.HomePageTest -->
