<?xml version="1.0" encoding="UTF-8"?>
<!-- Generated by org.testng.reporters.JUnitReportReporter -->
<testsuite skipped="0" hostname="LIN59017991" name="com.inetBanking.testCases.AddNewCustPageTest" tests="1" failures="0" timestamp="29 Nov 2021 10:25:42 GMT" time="13.764" errors="0">
  <testcase name="addNewCuctomerTest" time="13.764" classname="com.inetBanking.testCases.AddNewCustPageTest"/>
</testsuite> <!-- com.inetBanking.testCases.AddNewCustPageTest -->
