<?xml version="1.0" encoding="UTF-8"?>
<!-- Generated by org.testng.reporters.JUnitReportReporter -->
<testsuite skipped="0" hostname="LIN59017991" name="com.inetBanking.testCases.LoginPageTest" tests="3" failures="0" timestamp="2021-12-01T17:29:53 IST" time="28.529" errors="0">
  <testcase name="validateGuru99LogoTest" time="7.313" classname="com.inetBanking.testCases.LoginPageTest"/>
  <system-out/>
  <testcase name="validateTitleTest" time="11.508" classname="com.inetBanking.testCases.LoginPageTest"/>
  <system-out/>
  <testcase name="loginTest" time="9.708" classname="com.inetBanking.testCases.LoginPageTest"/>
  <system-out/>
</testsuite> <!-- com.inetBanking.testCases.LoginPageTest -->
